00:33:05: Creating resource group General
00:33:05: Creating resource group Internal
00:33:05: Creating resource group Autodetect
00:33:05: SceneManagerFactory for type 'DefaultSceneManager' registered.
00:33:05: Registering ResourceManager for type Material
00:33:05: Registering ResourceManager for type Mesh
00:33:05: Registering ResourceManager for type Skeleton
00:33:05: MovableObjectFactory for type 'ParticleSystem' registered.
00:33:05: OverlayElementFactory for type Panel registered.
00:33:05: OverlayElementFactory for type BorderPanel registered.
00:33:05: OverlayElementFactory for type TextArea registered.
00:33:05: Registering ResourceManager for type Font
00:33:05: ArchiveFactory for archive type FileSystem registered.
00:33:05: ArchiveFactory for archive type Zip registered.
00:33:05: ArchiveFactory for archive type EmbeddedZip registered.
00:33:05: DDS codec registering
00:33:05: FreeImage version: 3.15.3
00:33:05: This program uses FreeImage, a free, open source image library supporting all common bitmap formats. See http://freeimage.sourceforge.net for details
00:33:05: Supported formats: bmp,ico,jpg,jif,jpeg,jpe,jng,koa,iff,lbm,mng,pbm,pbm,pcd,pcx,pgm,pgm,png,ppm,ppm,ras,tga,targa,tif,tiff,wap,wbmp,wbm,psd,cut,xbm,xpm,gif,hdr,g3,sgi,exr,j2k,j2c,jp2,pfm,pct,pict,pic,3fr,arw,bay,bmq,cap,cine,cr2,crw,cs1,dc2,dcr,drf,dsc,dng,erf,fff,ia,iiq,k25,kc2,kdc,mdc,mef,mos,mrw,nef,nrw,orf,pef,ptx,pxn,qtk,raf,raw,rdc,rw2,rwl,rwz,sr2,srf,srw,sti
00:33:05: Registering ResourceManager for type HighLevelGpuProgram
00:33:05: Registering ResourceManager for type Compositor
00:33:05: MovableObjectFactory for type 'Entity' registered.
00:33:05: MovableObjectFactory for type 'Light' registered.
00:33:05: MovableObjectFactory for type 'BillboardSet' registered.
00:33:05: MovableObjectFactory for type 'ManualObject' registered.
00:33:05: MovableObjectFactory for type 'BillboardChain' registered.
00:33:05: MovableObjectFactory for type 'RibbonTrail' registered.
00:33:05: Loading library /usr/local/lib/OGRE/RenderSystem_GL
00:33:05: Installing plugin: GL RenderSystem
00:33:05: OpenGL Rendering Subsystem created.
00:33:05: Plugin successfully installed
00:33:05: Loading library /usr/local/lib/OGRE/Plugin_ParticleFX
00:33:05: Installing plugin: ParticleFX
00:33:05: Particle Emitter Type 'Point' registered
00:33:05: Particle Emitter Type 'Box' registered
00:33:05: Particle Emitter Type 'Ellipsoid' registered
00:33:05: Particle Emitter Type 'Cylinder' registered
00:33:05: Particle Emitter Type 'Ring' registered
00:33:05: Particle Emitter Type 'HollowEllipsoid' registered
00:33:05: Particle Affector Type 'LinearForce' registered
00:33:05: Particle Affector Type 'ColourFader' registered
00:33:05: Particle Affector Type 'ColourFader2' registered
00:33:05: Particle Affector Type 'ColourImage' registered
00:33:05: Particle Affector Type 'ColourInterpolator' registered
00:33:05: Particle Affector Type 'Scaler' registered
00:33:05: Particle Affector Type 'Rotator' registered
00:33:05: Particle Affector Type 'DirectionRandomiser' registered
00:33:05: Particle Affector Type 'DeflectorPlane' registered
00:33:05: Plugin successfully installed
00:33:05: Loading library /usr/local/lib/OGRE/Plugin_BSPSceneManager
00:33:05: Installing plugin: BSP Scene Manager
00:33:05: Plugin successfully installed
00:33:05: Loading library /usr/local/lib/OGRE/Plugin_CgProgramManager
00:33:05: Installing plugin: Cg Program Manager
00:33:05: Plugin successfully installed
00:33:05: Loading library /usr/local/lib/OGRE/Plugin_PCZSceneManager
00:33:05: Installing plugin: Portal Connected Zone Scene Manager
00:33:05: PCZone Factory Type 'ZoneType_Default' registered
00:33:05: Plugin successfully installed
00:33:05: Loading library /usr/local/lib/OGRE/Plugin_OctreeZone
00:33:05: Installing plugin: Octree Zone Factory
00:33:05: Plugin successfully installed
00:33:05: Loading library /usr/local/lib/OGRE/Plugin_OctreeSceneManager
00:33:05: Installing plugin: Octree Scene Manager
00:33:05: Plugin successfully installed
00:33:05: *-*-* OGRE Initialising
00:33:05: *-*-* Version 1.8.1 (Byatis)
00:33:05: CPU Identifier & Features
00:33:05: -------------------------
00:33:05:  *   CPU ID: GenuineIntel: Intel(R) Core(TM) i7-2675QM CPU @ 2.20GHz
00:33:05:  *      SSE: yes
00:33:05:  *     SSE2: yes
00:33:05:  *     SSE3: yes
00:33:05:  *      MMX: yes
00:33:05:  *   MMXEXT: yes
00:33:05:  *    3DNOW: no
00:33:05:  * 3DNOWEXT: no
00:33:05:  *     CMOV: yes
00:33:05:  *      TSC: yes
00:33:05:  *      FPU: yes
00:33:05:  *      PRO: yes
00:33:05:  *       HT: no
00:33:05: -------------------------
00:33:05: ******************************
*** Starting GLX Subsystem ***
******************************
00:33:05: Registering ResourceManager for type Texture
00:33:05: GLRenderSystem::_createRenderWindow "Oxen", 1600x900 fullscreen  miscParams: FSAA=0 displayFrequency=60 Hz gamma=No vsync=No 
00:33:05: GLXWindow::create used FBConfigID = 105
00:33:05: GL_VERSION = 3.0 Mesa 9.0.1
00:33:05: GL_VENDOR = Intel Open Source Technology Center
00:33:05: GL_RENDERER = Mesa DRI Intel(R) Sandybridge Mobile 
00:33:05: GL_EXTENSIONS = GL_ARB_multisample GL_EXT_abgr GL_EXT_bgra GL_EXT_blend_color GL_EXT_blend_minmax GL_EXT_blend_subtract GL_EXT_copy_texture GL_EXT_polygon_offset GL_EXT_subtexture GL_EXT_texture_object GL_EXT_vertex_array GL_EXT_compiled_vertex_array GL_EXT_texture GL_EXT_texture3D GL_IBM_rasterpos_clip GL_ARB_point_parameters GL_EXT_draw_range_elements GL_EXT_packed_pixels GL_EXT_point_parameters GL_EXT_rescale_normal GL_EXT_separate_specular_color GL_EXT_texture_edge_clamp GL_SGIS_generate_mipmap GL_SGIS_texture_border_clamp GL_SGIS_texture_edge_clamp GL_SGIS_texture_lod GL_ARB_framebuffer_sRGB GL_ARB_multitexture GL_EXT_framebuffer_sRGB GL_IBM_multimode_draw_arrays GL_IBM_texture_mirrored_repeat GL_3DFX_texture_compression_FXT1 GL_ARB_texture_cube_map GL_ARB_texture_env_add GL_ARB_transpose_matrix GL_EXT_blend_func_separate GL_EXT_fog_coord GL_EXT_multi_draw_arrays GL_EXT_secondary_color GL_EXT_texture_env_add GL_EXT_texture_filter_anisotropic GL_EXT_texture_lod_bias GL_INGR_blend_func_separate GL_NV_blend_square GL_NV_light_max_exponent GL_NV_texgen_reflection GL_NV_texture_env_combine4 GL_SUN_multi_draw_arrays GL_ARB_texture_border_clamp GL_ARB_texture_compression GL_EXT_framebuffer_object GL_EXT_texture_env_combine GL_EXT_texture_env_dot3 GL_MESA_window_pos GL_NV_packed_depth_stencil GL_NV_texture_rectangle GL_NV_vertex_program GL_ARB_depth_texture GL_ARB_occlusion_query GL_ARB_shadow GL_ARB_texture_env_combine GL_ARB_texture_env_crossbar GL_ARB_texture_env_dot3 GL_ARB_texture_mirrored_repeat GL_ARB_window_pos GL_ATI_envmap_bumpmap GL_EXT_stencil_two_side GL_EXT_texture_cube_map GL_NV_depth_clamp GL_NV_vertex_program1_1 GL_APPLE_packed_pixels GL_APPLE_vertex_array_object GL_ARB_draw_buffers GL_ARB_fragment_program GL_ARB_fragment_shader GL_ARB_shader_objects GL_ARB_vertex_program GL_ARB_vertex_shader GL_ATI_draw_buffers GL_ATI_texture_env_combine3 GL_ATI_texture_float GL_EXT_shadow_funcs GL_EXT_stencil_wrap GL_MESA_pack_invert GL_MESA_ycbcr_texture GL_NV_primitive_restart GL_ARB_depth_clamp GL_ARB_fragment_program_shadow GL_ARB_half_float_pixel GL_ARB_occlusion_query2 GL_ARB_point_sprite GL_ARB_shading_language_100 GL_ARB_sync GL_ARB_texture_non_power_of_two GL_ARB_vertex_buffer_object GL_ATI_blend_equation_separate GL_EXT_blend_equation_separate GL_OES_read_format GL_ARB_color_buffer_float GL_ARB_pixel_buffer_object GL_ARB_texture_compression_rgtc GL_ARB_texture_float GL_ARB_texture_rectangle GL_EXT_packed_float GL_EXT_pixel_buffer_object GL_EXT_texture_compression_rgtc GL_EXT_texture_rectangle GL_EXT_texture_sRGB GL_EXT_texture_shared_exponent GL_ARB_framebuffer_object GL_EXT_framebuffer_blit GL_EXT_framebuffer_multisample GL_EXT_packed_depth_stencil GL_APPLE_object_purgeable GL_ARB_vertex_array_object GL_ATI_separate_stencil GL_EXT_draw_buffers2 GL_EXT_draw_instanced GL_EXT_gpu_program_parameters GL_EXT_texture_array GL_EXT_texture_integer GL_EXT_texture_sRGB_decode GL_EXT_timer_query GL_OES_EGL_image GL_MESA_texture_array GL_ARB_copy_buffer GL_ARB_depth_buffer_float GL_ARB_draw_instanced GL_ARB_half_float_vertex GL_ARB_instanced_arrays GL_ARB_map_buffer_range GL_ARB_texture_rg GL_ARB_texture_swizzle GL_ARB_vertex_array_bgra GL_EXT_separate_shader_objects GL_EXT_texture_swizzle GL_EXT_vertex_array_bgra GL_NV_conditional_render GL_AMD_draw_buffers_blend GL_ARB_ES2_compatibility GL_ARB_blend_func_extended GL_ARB_debug_output GL_ARB_draw_buffers_blend GL_ARB_draw_elements_base_vertex GL_ARB_explicit_attrib_location GL_ARB_fragment_coord_conventions GL_ARB_provoking_vertex GL_ARB_sampler_objects GL_ARB_seamless_cube_map GL_ARB_shader_texture_lod GL_ARB_texture_rgb10_a2ui GL_ARB_uniform_buffer_object GL_EXT_provoking_vertex GL_EXT_texture_snorm GL_MESA_texture_signed_rgba GL_ARB_robustness GL_ARB_shader_bit_encoding GL_ARB_texture_storage GL_EXT_transform_feedback GL_ARB_invalidate_subdata 
00:33:05: Supported GLX extensions: GLX_ARB_create_context GLX_ARB_create_context_profile GLX_ARB_get_proc_address GLX_ARB_multisample GLX_EXT_import_context GLX_EXT_visual_info GLX_EXT_visual_rating GLX_EXT_create_context_es2_profile GLX_MESA_copy_sub_buffer GLX_MESA_multithread_makecurrent GLX_MESA_swap_control GLX_OML_swap_method GLX_OML_sync_control GLX_SGI_make_current_read GLX_SGI_swap_control GLX_SGI_video_sync GLX_SGIS_multisample GLX_SGIX_fbconfig GLX_SGIX_pbuffer GLX_SGIX_visual_select_group GLX_EXT_texture_from_pixmap GLX_INTEL_swap_event 
00:33:05: ***************************
00:33:05: *** GL Renderer Started ***
00:33:05: ***************************
00:33:05: Registering ResourceManager for type GpuProgram
00:33:05: GLSL support detected
00:33:05: GL: Using GL_EXT_framebuffer_object for rendering to textures (best)
00:33:05: FBO PF_UNKNOWN depth/stencil support: D0S1 D0S4 D0S8 D0S16 D16S0 D24S0 D24S1 D24S4 D24S8 D24S16 D32S0 D32S1 D32S4 D32S8 D32S16 Packed-D24S8 
00:33:05: FBO PF_A8 depth/stencil support: D0S0 D0S1 D0S4 D0S8 D0S16 D16S0 D24S0 D24S1 D24S4 D24S8 D24S16 D32S0 D32S1 D32S4 D32S8 D32S16 Packed-D24S8 
00:33:05: FBO PF_R5G6B5 depth/stencil support: D0S0 D0S1 D0S4 D0S8 D0S16 D16S0 D24S0 D24S1 D24S4 D24S8 D24S16 D32S0 D32S1 D32S4 D32S8 D32S16 Packed-D24S8 
00:33:05: FBO PF_B5G6R5 depth/stencil support: D0S0 D0S1 D0S4 D0S8 D0S16 D16S0 D24S0 D24S1 D24S4 D24S8 D24S16 D32S0 D32S1 D32S4 D32S8 D32S16 Packed-D24S8 
00:33:05: FBO PF_A4R4G4B4 depth/stencil support: D0S0 D0S1 D0S4 D0S8 D0S16 D16S0 D24S0 D24S1 D24S4 D24S8 D24S16 D32S0 D32S1 D32S4 D32S8 D32S16 Packed-D24S8 
00:33:05: FBO PF_A1R5G5B5 depth/stencil support: D0S0 D0S1 D0S4 D0S8 D0S16 D16S0 D24S0 D24S1 D24S4 D24S8 D24S16 D32S0 D32S1 D32S4 D32S8 D32S16 Packed-D24S8 
00:33:05: FBO PF_R8G8B8 depth/stencil support: D0S0 D0S1 D0S4 D0S8 D0S16 D16S0 D24S0 D24S1 D24S4 D24S8 D24S16 D32S0 D32S1 D32S4 D32S8 D32S16 Packed-D24S8 
00:33:05: FBO PF_B8G8R8 depth/stencil support: D0S0 D0S1 D0S4 D0S8 D0S16 D16S0 D24S0 D24S1 D24S4 D24S8 D24S16 D32S0 D32S1 D32S4 D32S8 D32S16 Packed-D24S8 
00:33:05: FBO PF_A8R8G8B8 depth/stencil support: D0S0 D0S1 D0S4 D0S8 D0S16 D16S0 D24S0 D24S1 D24S4 D24S8 D24S16 D32S0 D32S1 D32S4 D32S8 D32S16 Packed-D24S8 
00:33:05: FBO PF_B8G8R8A8 depth/stencil support: D0S0 D0S1 D0S4 D0S8 D0S16 D16S0 D24S0 D24S1 D24S4 D24S8 D24S16 D32S0 D32S1 D32S4 D32S8 D32S16 Packed-D24S8 
00:33:05: FBO PF_A2R10G10B10 depth/stencil support: D0S0 D0S1 D0S4 D0S8 D0S16 D16S0 D24S0 D24S1 D24S4 D24S8 D24S16 D32S0 D32S1 D32S4 D32S8 D32S16 Packed-D24S8 
00:33:05: FBO PF_A2B10G10R10 depth/stencil support: D0S0 D0S1 D0S4 D0S8 D0S16 D16S0 D24S0 D24S1 D24S4 D24S8 D24S16 D32S0 D32S1 D32S4 D32S8 D32S16 Packed-D24S8 
00:33:05: FBO PF_FLOAT16_RGB depth/stencil support: D0S0 D0S1 D0S4 D0S8 D0S16 D16S0 D24S0 D24S1 D24S4 D24S8 D24S16 D32S0 D32S1 D32S4 D32S8 D32S16 Packed-D24S8 
00:33:05: FBO PF_FLOAT16_RGBA depth/stencil support: D0S0 D0S1 D0S4 D0S8 D0S16 D16S0 D24S0 D24S1 D24S4 D24S8 D24S16 D32S0 D32S1 D32S4 D32S8 D32S16 Packed-D24S8 
00:33:05: FBO PF_FLOAT32_RGB depth/stencil support: D0S0 D0S1 D0S4 D0S8 D0S16 D16S0 D24S0 D24S1 D24S4 D24S8 D24S16 D32S0 D32S1 D32S4 D32S8 D32S16 Packed-D24S8 
00:33:05: FBO PF_FLOAT32_RGBA depth/stencil support: D0S0 D0S1 D0S4 D0S8 D0S16 D16S0 D24S0 D24S1 D24S4 D24S8 D24S16 D32S0 D32S1 D32S4 D32S8 D32S16 Packed-D24S8 
00:33:05: FBO PF_X8R8G8B8 depth/stencil support: D0S0 D0S1 D0S4 D0S8 D0S16 D16S0 D24S0 D24S1 D24S4 D24S8 D24S16 D32S0 D32S1 D32S4 D32S8 D32S16 Packed-D24S8 
00:33:05: FBO PF_X8B8G8R8 depth/stencil support: D0S0 D0S1 D0S4 D0S8 D0S16 D16S0 D24S0 D24S1 D24S4 D24S8 D24S16 D32S0 D32S1 D32S4 D32S8 D32S16 Packed-D24S8 
00:33:05: FBO PF_SHORT_RGBA depth/stencil support: D0S0 D0S1 D0S4 D0S8 D0S16 D16S0 D24S0 D24S1 D24S4 D24S8 D24S16 D32S0 D32S1 D32S4 D32S8 D32S16 Packed-D24S8 
00:33:05: FBO PF_R3G3B2 depth/stencil support: D0S0 D0S1 D0S4 D0S8 D0S16 D16S0 D24S0 D24S1 D24S4 D24S8 D24S16 D32S0 D32S1 D32S4 D32S8 D32S16 Packed-D24S8 
00:33:05: FBO PF_FLOAT16_R depth/stencil support: D0S0 D0S1 D0S4 D0S8 D0S16 D16S0 D24S0 D24S1 D24S4 D24S8 D24S16 D32S0 D32S1 D32S4 D32S8 D32S16 Packed-D24S8 
00:33:05: FBO PF_FLOAT32_R depth/stencil support: D0S0 D0S1 D0S4 D0S8 D0S16 D16S0 D24S0 D24S1 D24S4 D24S8 D24S16 D32S0 D32S1 D32S4 D32S8 D32S16 Packed-D24S8 
00:33:05: FBO PF_SHORT_RGB depth/stencil support: D0S0 D0S1 D0S4 D0S8 D0S16 D16S0 D24S0 D24S1 D24S4 D24S8 D24S16 D32S0 D32S1 D32S4 D32S8 D32S16 Packed-D24S8 
00:33:05: [GL] : Valid FBO targets PF_UNKNOWN PF_A8 PF_R5G6B5 PF_B5G6R5 PF_A4R4G4B4 PF_A1R5G5B5 PF_R8G8B8 PF_B8G8R8 PF_A8R8G8B8 PF_B8G8R8A8 PF_A2R10G10B10 PF_A2B10G10R10 PF_FLOAT16_RGB PF_FLOAT16_RGBA PF_FLOAT32_RGB PF_FLOAT32_RGBA PF_X8R8G8B8 PF_X8B8G8R8 PF_SHORT_RGBA PF_R3G3B2 PF_FLOAT16_R PF_FLOAT32_R PF_SHORT_RGB 
00:33:05: RenderSystem capabilities
00:33:05: -------------------------
00:33:05: RenderSystem Name: OpenGL Rendering Subsystem
00:33:05: GPU Vendor: intel
00:33:05: Device Name: Mesa DRI Intel(R) Sandybridge Mobile 
00:33:05: Driver Version: 3.0.0.0
00:33:05:  * Fixed function pipeline: yes
00:33:05:  * Hardware generation of mipmaps: no
00:33:05:  * Texture blending: yes
00:33:05:  * Anisotropic texture filtering: yes
00:33:05:  * Dot product texture operation: yes
00:33:05:  * Cube mapping: yes
00:33:05:  * Hardware stencil buffer: yes
00:33:05:    - Stencil depth: 8
00:33:05:    - Two sided stencil support: yes
00:33:05:    - Wrap stencil values: yes
00:33:05:  * Hardware vertex / index buffers: yes
00:33:05:  * Vertex programs: yes
00:33:05:  * Number of floating-point constants for vertex programs: 4096
00:33:05:  * Number of integer constants for vertex programs: 0
00:33:05:  * Number of boolean constants for vertex programs: 0
00:33:05:  * Fragment programs: yes
00:33:05:  * Number of floating-point constants for fragment programs: 4096
00:33:05:  * Number of integer constants for fragment programs: 0
00:33:05:  * Number of boolean constants for fragment programs: 0
00:33:05:  * Geometry programs: no
00:33:05:  * Number of floating-point constants for geometry programs: 0
00:33:05:  * Number of integer constants for geometry programs: 0
00:33:05:  * Number of boolean constants for geometry programs: 0
00:33:05:  * Supported Shader Profiles: arbfp1 arbvp1 glsl
00:33:05:  * Texture Compression: yes
00:33:05:    - DXT: no
00:33:05:    - VTC: no
00:33:05:    - PVRTC: no
00:33:05:  * Scissor Rectangle: yes
00:33:05:  * Hardware Occlusion Query: yes
00:33:05:  * User clip planes: yes
00:33:05:  * VET_UBYTE4 vertex element type: yes
00:33:05:  * Infinite far plane projection: yes
00:33:05:  * Hardware render-to-texture: yes
00:33:05:  * Floating point textures: yes
00:33:05:  * Non-power-of-two textures: yes
00:33:05:  * Volume textures: yes
00:33:05:  * Multiple Render Targets: 8
00:33:05:    - With different bit depths: yes
00:33:05:  * Point Sprites: yes
00:33:05:  * Extended point parameters: yes
00:33:05:  * Max Point Size: 255
00:33:05:  * Vertex texture fetch: yes
00:33:05:  * Number of world matrices: 0
00:33:05:  * Number of texture units: 16
00:33:05:  * Stencil buffer depth: 8
00:33:05:  * Number of vertex blend matrices: 0
00:33:05:    - Max vertex textures: 16
00:33:05:    - Vertex textures shared: yes
00:33:05:  * Render to Vertex Buffer : no
00:33:05:  * GL 1.5 without VBO workaround: no
00:33:05:  * Frame Buffer objects: yes
00:33:05:  * Frame Buffer objects (ARB extension): no
00:33:05:  * Frame Buffer objects (ATI extension): no
00:33:05:  * PBuffer support: yes
00:33:05:  * GL 1.5 without HW-occlusion workaround: no
00:33:05:  * Separate shader objects: no
00:33:05: DefaultWorkQueue('Root') initialising on thread 7f3e74ed7780.
00:33:05: DefaultWorkQueue('Root')::WorkerFunc - thread 7f3e69413700 starting.
00:33:05: DefaultWorkQueue('Root')::WorkerFunc - thread 7f3e69c14700 starting.
00:33:05: DefaultWorkQueue('Root')::WorkerFunc - thread 7f3e68c12700 starting.
00:33:05: DefaultWorkQueue('Root')::WorkerFunc - thread 7f3e58411700 starting.
00:33:05: DefaultWorkQueue('Root')::WorkerFunc - thread 7f3e637fe700 starting.
00:33:05: DefaultWorkQueue('Root')::WorkerFunc - thread 7f3e62ffd700 starting.
00:33:05: DefaultWorkQueue('Root')::WorkerFunc - thread 7f3e63fff700 starting.
00:33:05: DefaultWorkQueue('Root')::WorkerFunc - thread 7f3e627fc700 starting.
00:33:05: Particle Renderer Type 'billboard' registered
00:33:05: SceneManagerFactory for type 'BspSceneManager' registered.
00:33:05: Registering ResourceManager for type BspLevel
00:33:05: SceneManagerFactory for type 'PCZSceneManager' registered.
00:33:05: MovableObjectFactory for type 'PCZLight' registered.
00:33:05: MovableObjectFactory for type 'Portal' registered.
00:33:05: MovableObjectFactory for type 'AntiPortal' registered.
00:33:05: PCZone Factory Type 'ZoneType_Octree' registered
00:33:05: SceneManagerFactory for type 'OctreeSceneManager' registered.
00:33:05: Creating resource group Essential
00:33:05: Added resource location '../media/packs/SdkTrays.zip' of type 'Zip' to resource group 'Essential'
00:33:05: Added resource location '../media' of type 'FileSystem' to resource group 'General'
00:33:05: Added resource location '../media/materials/scripts' of type 'FileSystem' to resource group 'General'
00:33:05: Added resource location '../media/materials/textures' of type 'FileSystem' to resource group 'General'
00:33:05: Added resource location '../media/models' of type 'FileSystem' to resource group 'General'
00:33:05: Parsing scripts for resource group Autodetect
00:33:05: Finished parsing scripts for resource group Autodetect
00:33:05: Creating resources for group Autodetect
00:33:05: All done
00:33:05: Parsing scripts for resource group Essential
00:33:05: Parsing script SdkTrays.material
00:33:05: Parsing script SdkTrays.fontdef
00:33:05: Parsing script SdkTrays.overlay
00:33:05: Bad element attribute line: '# you can offset the image to change the cursor "hotspot"' for element SdkTrays/Cursor in overlay 
00:33:05: Texture: sdk_cursor.png: Loading 1 faces(PF_A8R8G8B8,32x32x1) with 5 generated mipmaps from Image. Internal format is PF_A8R8G8B8,32x32x1.
00:33:05: Texture: sdk_tray.png: Loading 1 faces(PF_A8R8G8B8,64x64x1) with 5 generated mipmaps from Image. Internal format is PF_A8R8G8B8,64x64x1.
00:33:05: Texture: sdk_button_up.png: Loading 1 faces(PF_A8R8G8B8,128x32x1) with 5 generated mipmaps from Image. Internal format is PF_A8R8G8B8,128x32x1.
00:33:05: Texture: sdk_text_box.png: Loading 1 faces(PF_A8R8G8B8,32x32x1) with 5 generated mipmaps from Image. Internal format is PF_A8R8G8B8,32x32x1.
00:33:05: Texture: sdk_mini_tray.png: Loading 1 faces(PF_A8R8G8B8,32x32x1) with 5 generated mipmaps from Image. Internal format is PF_A8R8G8B8,32x32x1.
00:33:05: Texture: sdk_track.png: Loading 1 faces(PF_A8R8G8B8,16x32x1) with 5 generated mipmaps from Image. Internal format is PF_A8R8G8B8,16x32x1.
00:33:05: Texture: sdk_handle.png: Loading 1 faces(PF_A8R8G8B8,16x16x1) with 4 generated mipmaps from Image. Internal format is PF_A8R8G8B8,16x16x1.
00:33:05: Texture: sdk_mini_text_box.png: Loading 1 faces(PF_A8R8G8B8,32x32x1) with 5 generated mipmaps from Image. Internal format is PF_A8R8G8B8,32x32x1.
00:33:05: Texture: sdk_label.png: Loading 1 faces(PF_A8R8G8B8,32x32x1) with 5 generated mipmaps from Image. Internal format is PF_A8R8G8B8,32x32x1.
00:33:05: Texture: sdk_separator.png: Loading 1 faces(PF_A8R8G8B8,64x16x1) with 5 generated mipmaps from Image. Internal format is PF_A8R8G8B8,64x16x1.
00:33:05: Texture: sdk_logo.png: Loading 1 faces(PF_A8R8G8B8,128x64x1) with 5 generated mipmaps from Image. Internal format is PF_A8R8G8B8,128x64x1.
00:33:05: Texture: sdk_shade.png: Loading 1 faces(PF_A8R8G8B8,64x48x1) with 5 generated mipmaps from Image. Internal format is PF_A8R8G8B8,64x48x1.
00:33:05: Texture: sdk_frame.png: Loading 1 faces(PF_A8R8G8B8,32x32x1) with 5 generated mipmaps from Image. Internal format is PF_A8R8G8B8,32x32x1.
00:33:05: Texture: sdk_mini_text_box_over.png: Loading 1 faces(PF_A8R8G8B8,32x32x1) with 5 generated mipmaps from Image. Internal format is PF_A8R8G8B8,32x32x1.
00:33:05: Texture: sdk_pulse.png: Loading 1 faces(PF_R8G8B8,8x1x1) with 3 generated mipmaps from Image. Internal format is PF_X8R8G8B8,8x1x1.
00:33:05: Finished parsing scripts for resource group Essential
00:33:05: Creating resources for group Essential
00:33:05: All done
00:33:05: Parsing scripts for resource group General
00:33:05: Parsing script Ogre.material
00:33:05: Finished parsing scripts for resource group General
00:33:05: Creating resources for group General
00:33:05: All done
00:33:05: Parsing scripts for resource group Internal
00:33:05: Finished parsing scripts for resource group Internal
00:33:05: Creating resources for group Internal
00:33:05: All done
00:33:05: Oxen initialized
00:33:05: Entering MainMenu...
00:33:05: Font SdkTrays/Caption using texture size 512x256
00:33:05: Info: Freetype returned null for character 160 in font SdkTrays/Caption
00:33:05: Texture: SdkTrays/CaptionTexture: Loading 1 faces(PF_BYTE_LA,512x256x1) with 0 generated mipmaps from Image. Internal format is PF_BYTE_LA,512x256x1.
00:33:05: Font SdkTrays/Value using texture size 512x256
00:33:05: Info: Freetype returned null for character 127 in font SdkTrays/Value
00:33:05: Info: Freetype returned null for character 128 in font SdkTrays/Value
00:33:05: Info: Freetype returned null for character 129 in font SdkTrays/Value
00:33:05: Info: Freetype returned null for character 130 in font SdkTrays/Value
00:33:05: Info: Freetype returned null for character 131 in font SdkTrays/Value
00:33:05: Info: Freetype returned null for character 132 in font SdkTrays/Value
00:33:05: Info: Freetype returned null for character 133 in font SdkTrays/Value
00:33:05: Info: Freetype returned null for character 134 in font SdkTrays/Value
00:33:05: Info: Freetype returned null for character 135 in font SdkTrays/Value
00:33:05: Info: Freetype returned null for character 136 in font SdkTrays/Value
00:33:05: Info: Freetype returned null for character 137 in font SdkTrays/Value
00:33:05: Info: Freetype returned null for character 138 in font SdkTrays/Value
00:33:05: Info: Freetype returned null for character 139 in font SdkTrays/Value
00:33:05: Info: Freetype returned null for character 140 in font SdkTrays/Value
00:33:05: Info: Freetype returned null for character 141 in font SdkTrays/Value
00:33:05: Info: Freetype returned null for character 142 in font SdkTrays/Value
00:33:05: Info: Freetype returned null for character 143 in font SdkTrays/Value
00:33:05: Info: Freetype returned null for character 144 in font SdkTrays/Value
00:33:05: Info: Freetype returned null for character 145 in font SdkTrays/Value
00:33:05: Info: Freetype returned null for character 146 in font SdkTrays/Value
00:33:05: Info: Freetype returned null for character 147 in font SdkTrays/Value
00:33:05: Info: Freetype returned null for character 148 in font SdkTrays/Value
00:33:05: Info: Freetype returned null for character 149 in font SdkTrays/Value
00:33:05: Info: Freetype returned null for character 150 in font SdkTrays/Value
00:33:05: Info: Freetype returned null for character 151 in font SdkTrays/Value
00:33:05: Info: Freetype returned null for character 152 in font SdkTrays/Value
00:33:05: Info: Freetype returned null for character 153 in font SdkTrays/Value
00:33:05: Info: Freetype returned null for character 154 in font SdkTrays/Value
00:33:05: Info: Freetype returned null for character 155 in font SdkTrays/Value
00:33:05: Info: Freetype returned null for character 156 in font SdkTrays/Value
00:33:05: Info: Freetype returned null for character 157 in font SdkTrays/Value
00:33:05: Info: Freetype returned null for character 158 in font SdkTrays/Value
00:33:05: Info: Freetype returned null for character 159 in font SdkTrays/Value
00:33:05: Info: Freetype returned null for character 160 in font SdkTrays/Value
00:33:05: Texture: SdkTrays/ValueTexture: Loading 1 faces(PF_BYTE_LA,512x256x1) with 0 generated mipmaps from Image. Internal format is PF_BYTE_LA,512x256x1.
00:33:07: Texture: sdk_button_over.png: Loading 1 faces(PF_A8R8G8B8,128x32x1) with 5 generated mipmaps from Image. Internal format is PF_A8R8G8B8,128x32x1.
00:33:08: Texture: sdk_button_down.png: Loading 1 faces(PF_A8R8G8B8,128x32x1) with 5 generated mipmaps from Image. Internal format is PF_A8R8G8B8,128x32x1.
00:33:10: Main loop quit
00:33:10: Leaving MainMenu...
00:33:10: Shutdown OGRE...
00:33:10: DefaultWorkQueue('Root') shutting down on thread 7f3e74ed7780.
00:33:10: DefaultWorkQueue('Root')::WorkerFunc - thread 7f3e69413700 stopped.
00:33:10: DefaultWorkQueue('Root')::WorkerFunc - thread 7f3e69c14700 stopped.
00:33:10: DefaultWorkQueue('Root')::WorkerFunc - thread 7f3e627fc700 stopped.
00:33:10: DefaultWorkQueue('Root')::WorkerFunc - thread 7f3e58411700 stopped.
00:33:10: DefaultWorkQueue('Root')::WorkerFunc - thread 7f3e637fe700 stopped.
00:33:10: DefaultWorkQueue('Root')::WorkerFunc - thread 7f3e62ffd700 stopped.
00:33:10: DefaultWorkQueue('Root')::WorkerFunc - thread 7f3e63fff700 stopped.
00:33:10: DefaultWorkQueue('Root')::WorkerFunc - thread 7f3e68c12700 stopped.
00:33:10: PCZone Factory Type 'ZoneType_Octree' unregistered
00:33:10: Unregistering ResourceManager for type BspLevel
00:33:10: *-*-* OGRE Shutdown
00:33:10: Unregistering ResourceManager for type Compositor
00:33:10: Unregistering ResourceManager for type Font
00:33:10: Unregistering ResourceManager for type Skeleton
00:33:10: Unregistering ResourceManager for type Mesh
00:33:10: Unregistering ResourceManager for type HighLevelGpuProgram
00:33:10: Uninstalling plugin: Octree Scene Manager
00:33:10: Plugin successfully uninstalled
00:33:10: Unloading library /usr/local/lib/OGRE/Plugin_OctreeSceneManager
00:33:10: Uninstalling plugin: Octree Zone Factory
00:33:10: Plugin successfully uninstalled
00:33:10: Unloading library /usr/local/lib/OGRE/Plugin_OctreeZone
00:33:10: Uninstalling plugin: Portal Connected Zone Scene Manager
00:33:10: Plugin successfully uninstalled
00:33:10: Unloading library /usr/local/lib/OGRE/Plugin_PCZSceneManager
00:33:10: Uninstalling plugin: Cg Program Manager
00:33:10: Plugin successfully uninstalled
00:33:10: Unloading library /usr/local/lib/OGRE/Plugin_CgProgramManager
00:33:10: Uninstalling plugin: BSP Scene Manager
00:33:10: Plugin successfully uninstalled
00:33:10: Unloading library /usr/local/lib/OGRE/Plugin_BSPSceneManager
00:33:10: Uninstalling plugin: ParticleFX
00:33:10: Plugin successfully uninstalled
00:33:10: Unloading library /usr/local/lib/OGRE/Plugin_ParticleFX
00:33:10: Uninstalling plugin: GL RenderSystem
00:33:10: Unregistering ResourceManager for type GpuProgram
00:33:10: ******************************
*** Stopping GLX Subsystem ***
******************************
00:33:10: Unregistering ResourceManager for type Texture
00:33:10: Plugin successfully uninstalled
00:33:10: Unloading library /usr/local/lib/OGRE/RenderSystem_GL
00:33:10: Unregistering ResourceManager for type Material
